C:\USERS\SOOHKIM\DROPBOX\RESEARCH\CROPBOX\GARLIC\GARLIC\DEBUG\BULB.OBJ
C:\USERS\SOOHKIM\DROPBOX\RESEARCH\CROPBOX\GARLIC\GARLIC\DEBUG\CONTROLLER.OBJ
C:\USERS\SOOHKIM\DROPBOX\RESEARCH\CROPBOX\GARLIC\GARLIC\DEBUG\DEVELOPMENT.OBJ
C:\USERS\SOOHKIM\DROPBOX\RESEARCH\CROPBOX\GARLIC\GARLIC\DEBUG\GARLIC.EXE
C:\USERS\SOOHKIM\DROPBOX\RESEARCH\CROPBOX\GARLIC\GARLIC\DEBUG\GARLIC.EXE.EMBED.MANIFEST
C:\USERS\SOOHKIM\DROPBOX\RESEARCH\CROPBOX\GARLIC\GARLIC\DEBUG\GARLIC.EXE.EMBED.MANIFEST.RES
C:\USERS\SOOHKIM\DROPBOX\RESEARCH\CROPBOX\GARLIC\GARLIC\DEBUG\GARLIC.EXE.INTERMEDIATE.MANIFEST
C:\USERS\SOOHKIM\DROPBOX\RESEARCH\CROPBOX\GARLIC\GARLIC\DEBUG\GARLIC.ILK
C:\USERS\SOOHKIM\DROPBOX\RESEARCH\CROPBOX\GARLIC\GARLIC\DEBUG\GARLIC.OBJ
C:\USERS\SOOHKIM\DROPBOX\RESEARCH\CROPBOX\GARLIC\GARLIC\DEBUG\GARLIC.PCH
C:\USERS\SOOHKIM\DROPBOX\RESEARCH\CROPBOX\GARLIC\GARLIC\DEBUG\GARLIC.PDB
C:\USERS\SOOHKIM\DROPBOX\RESEARCH\CROPBOX\GARLIC\GARLIC\DEBUG\GAS_EXCHANGE.OBJ
C:\USERS\SOOHKIM\DROPBOX\RESEARCH\CROPBOX\GARLIC\GARLIC\DEBUG\INITINFO.OBJ
C:\USERS\SOOHKIM\DROPBOX\RESEARCH\CROPBOX\GARLIC\GARLIC\DEBUG\LEAF.OBJ
C:\USERS\SOOHKIM\DROPBOX\RESEARCH\CROPBOX\GARLIC\GARLIC\DEBUG\NODALUNIT.OBJ
C:\USERS\SOOHKIM\DROPBOX\RESEARCH\CROPBOX\GARLIC\GARLIC\DEBUG\ORGAN.OBJ
C:\USERS\SOOHKIM\DROPBOX\RESEARCH\CROPBOX\GARLIC\GARLIC\DEBUG\PLANT.OBJ
C:\USERS\SOOHKIM\DROPBOX\RESEARCH\CROPBOX\GARLIC\GARLIC\DEBUG\RADIATION.OBJ
C:\USERS\SOOHKIM\DROPBOX\RESEARCH\CROPBOX\GARLIC\GARLIC\DEBUG\ROOTS.OBJ
C:\USERS\SOOHKIM\DROPBOX\RESEARCH\CROPBOX\GARLIC\GARLIC\DEBUG\SCAPE.OBJ
C:\USERS\SOOHKIM\DROPBOX\RESEARCH\CROPBOX\GARLIC\GARLIC\DEBUG\STDAFX.OBJ
C:\USERS\SOOHKIM\DROPBOX\RESEARCH\CROPBOX\GARLIC\GARLIC\DEBUG\STEM.OBJ
C:\USERS\SOOHKIM\DROPBOX\RESEARCH\CROPBOX\GARLIC\GARLIC\DEBUG\THERMALTIME.OBJ
M:\Users\soohkim\Dropbox\CropBox\garlic\garlic\Debug\bulb.obj
M:\Users\soohkim\Dropbox\CropBox\garlic\garlic\Debug\cl.command.1.tlog
M:\Users\soohkim\Dropbox\CropBox\garlic\garlic\Debug\CL.read.1.tlog
M:\Users\soohkim\Dropbox\CropBox\garlic\garlic\Debug\CL.write.1.tlog
M:\Users\soohkim\Dropbox\CropBox\garlic\garlic\Debug\controller.obj
M:\Users\soohkim\Dropbox\CropBox\garlic\garlic\Debug\development.obj
M:\Users\soohkim\Dropbox\CropBox\garlic\garlic\Debug\garlic.exe
M:\Users\soohkim\Dropbox\CropBox\garlic\garlic\Debug\garlic.exe.embed.manifest
M:\Users\soohkim\Dropbox\CropBox\garlic\garlic\Debug\garlic.exe.embed.manifest.res
M:\Users\soohkim\Dropbox\CropBox\garlic\garlic\Debug\garlic.exe.intermediate.manifest
M:\Users\soohkim\Dropbox\CropBox\garlic\garlic\Debug\garlic.ilk
M:\Users\soohkim\Dropbox\CropBox\garlic\garlic\Debug\garlic.obj
M:\Users\soohkim\Dropbox\CropBox\garlic\garlic\Debug\garlic.pch
M:\Users\soohkim\Dropbox\CropBox\garlic\garlic\Debug\garlic.pdb
M:\Users\soohkim\Dropbox\CropBox\garlic\garlic\Debug\garlic.write.1.tlog
M:\Users\soohkim\Dropbox\CropBox\garlic\garlic\Debug\garlic_manifest.rc
M:\Users\soohkim\Dropbox\CropBox\garlic\garlic\Debug\gas_exchange.obj
M:\Users\soohkim\Dropbox\CropBox\garlic\garlic\Debug\initinfo.obj
M:\Users\soohkim\Dropbox\CropBox\garlic\garlic\Debug\leaf.obj
M:\Users\soohkim\Dropbox\CropBox\garlic\garlic\Debug\link.3524.read.1.tlog
M:\Users\soohkim\Dropbox\CropBox\garlic\garlic\Debug\link.3524.write.1.tlog
M:\Users\soohkim\Dropbox\CropBox\garlic\garlic\Debug\link.3524-cvtres.read.1.tlog
M:\Users\soohkim\Dropbox\CropBox\garlic\garlic\Debug\link.3524-cvtres.write.1.tlog
M:\Users\soohkim\Dropbox\CropBox\garlic\garlic\Debug\link.4168.read.1.tlog
M:\Users\soohkim\Dropbox\CropBox\garlic\garlic\Debug\link.4168.write.1.tlog
M:\Users\soohkim\Dropbox\CropBox\garlic\garlic\Debug\link.4168-cvtres.read.1.tlog
M:\Users\soohkim\Dropbox\CropBox\garlic\garlic\Debug\link.4168-cvtres.write.1.tlog
M:\Users\soohkim\Dropbox\CropBox\garlic\garlic\Debug\link.5236.read.1.tlog
M:\Users\soohkim\Dropbox\CropBox\garlic\garlic\Debug\link.5236.write.1.tlog
M:\Users\soohkim\Dropbox\CropBox\garlic\garlic\Debug\link.5236-cvtres.read.1.tlog
M:\Users\soohkim\Dropbox\CropBox\garlic\garlic\Debug\link.5236-cvtres.write.1.tlog
M:\Users\soohkim\Dropbox\CropBox\garlic\garlic\Debug\link.command.1.tlog
M:\Users\soohkim\Dropbox\CropBox\garlic\garlic\Debug\link.read.1.tlog
M:\Users\soohkim\Dropbox\CropBox\garlic\garlic\Debug\link.write.1.tlog
M:\Users\soohkim\Dropbox\CropBox\garlic\garlic\Debug\link-cvtres.read.1.tlog
M:\Users\soohkim\Dropbox\CropBox\garlic\garlic\Debug\link-cvtres.write.1.tlog
M:\Users\soohkim\Dropbox\CropBox\garlic\garlic\Debug\mt.command.1.tlog
M:\Users\soohkim\Dropbox\CropBox\garlic\garlic\Debug\mt.read.1.tlog
M:\Users\soohkim\Dropbox\CropBox\garlic\garlic\Debug\mt.write.1.tlog
M:\Users\soohkim\Dropbox\CropBox\garlic\garlic\Debug\nodalunit.obj
M:\Users\soohkim\Dropbox\CropBox\garlic\garlic\Debug\organ.obj
M:\Users\soohkim\Dropbox\CropBox\garlic\garlic\Debug\plant.obj
M:\Users\soohkim\Dropbox\CropBox\garlic\garlic\Debug\radiation.obj
M:\Users\soohkim\Dropbox\CropBox\garlic\garlic\Debug\rc.command.1.tlog
M:\Users\soohkim\Dropbox\CropBox\garlic\garlic\Debug\rc.read.1.tlog
M:\Users\soohkim\Dropbox\CropBox\garlic\garlic\Debug\rc.write.1.tlog
M:\Users\soohkim\Dropbox\CropBox\garlic\garlic\Debug\roots.obj
M:\Users\soohkim\Dropbox\CropBox\garlic\garlic\Debug\scape.obj
M:\Users\soohkim\Dropbox\CropBox\garlic\garlic\Debug\stdafx.obj
M:\Users\soohkim\Dropbox\CropBox\garlic\garlic\Debug\stem.obj
M:\Users\soohkim\Dropbox\CropBox\garlic\garlic\Debug\thermaltime.obj
