Build started 7/19/2013 12:49:35 PM.
     1>Project "M:\Users\soohkim\Dropbox\CropBox\garlic\garlic\garlic.vcxproj" on node 2 (build target(s)).
     1>InitializeBuildStatus:
         Creating "Debug\garlic.unsuccessfulbuild" because "AlwaysCreate" was specified.
       ClCompile:
         All outputs are up-to-date.
         C:\Program Files (x86)\Microsoft Visual Studio 10.0\VC\bin\CL.exe /c /Z7 /nologo /W3 /WX- /Od /Oy- /D WIN32 /D _DEBUG /D _CONSOLE /D _UNICODE /D UNICODE /Gm- /MTd /GS /fp:precise /Zc:wchar_t /Zc:forScope /Yu"StdAfx.h" /Fp"Debug\garlic.pch" /Fo"Debug\\" /Fd"Debug\vc100.pdb" /Gd /TP /analyze- /errorReport:prompt controller.cpp
         controller.cpp
     1>C:\Program Files (x86)\Microsoft Visual Studio 10.0\VC\include\xlocale(323): warning C4530: C++ exception handler used, but unwind semantics are not enabled. Specify /EHsc
     1>controller.cpp(151): warning C4244: '=' : conversion from 'double' to 'int', possible loss of data
     1>controller.cpp(155): warning C4244: '=' : conversion from 'double' to 'int', possible loss of data
     1>controller.cpp(159): warning C4244: '=' : conversion from 'double' to 'int', possible loss of data
     1>controller.cpp(198): warning C4101: 'curDateTime' : unreferenced local variable
     1>controller.cpp(303): warning C4996: 'strcpy': This function or variable may be unsafe. Consider using strcpy_s instead. To disable deprecation, use _CRT_SECURE_NO_WARNINGS. See online help for details.
                 C:\Program Files (x86)\Microsoft Visual Studio 10.0\VC\include\string.h(105) : see declaration of 'strcpy'
     1>controller.cpp(304): warning C4996: 'strcpy': This function or variable may be unsafe. Consider using strcpy_s instead. To disable deprecation, use _CRT_SECURE_NO_WARNINGS. See online help for details.
                 C:\Program Files (x86)\Microsoft Visual Studio 10.0\VC\include\string.h(105) : see declaration of 'strcpy'
     1>controller.cpp(306): warning C4996: 'strcat': This function or variable may be unsafe. Consider using strcat_s instead. To disable deprecation, use _CRT_SECURE_NO_WARNINGS. See online help for details.
                 C:\Program Files (x86)\Microsoft Visual Studio 10.0\VC\include\string.h(110) : see declaration of 'strcat'
     1>controller.cpp(307): warning C4996: 'strcat': This function or variable may be unsafe. Consider using strcat_s instead. To disable deprecation, use _CRT_SECURE_NO_WARNINGS. See online help for details.
                 C:\Program Files (x86)\Microsoft Visual Studio 10.0\VC\include\string.h(110) : see declaration of 'strcat'
     1>m:\users\soohkim\dropbox\cropbox\garlic\garlic\controller.cpp(232): warning C4700: uninitialized local variable 'date' used
       ManifestResourceCompile:
         All outputs are up-to-date.
       Link:
         C:\Program Files (x86)\Microsoft Visual Studio 10.0\VC\bin\link.exe /ERRORREPORT:PROMPT /OUT:"M:\Users\soohkim\Dropbox\CropBox\garlic\garlic\Debug\garlic.exe" /INCREMENTAL /NOLOGO lightenv.lib kernel32.lib user32.lib gdi32.lib winspool.lib comdlg32.lib advapi32.lib shell32.lib ole32.lib oleaut32.lib uuid.lib odbc32.lib odbccp32.lib /MANIFEST /ManifestFile:"Debug\garlic.exe.intermediate.manifest" /MANIFESTUAC:"level='asInvoker' uiAccess='false'" /DEBUG /PDB:"M:\Users\soohkim\Dropbox\CropBox\garlic\garlic\Debug\garlic.pdb" /SUBSYSTEM:CONSOLE /TLBID:1 /DYNAMICBASE /NXCOMPAT /IMPLIB:"M:\Users\soohkim\Dropbox\CropBox\garlic\garlic\Debug\garlic.lib" /MACHINE:X86 Debug\garlic.exe.embed.manifest.res
         Debug\controller.obj
         Debug\development.obj
         Debug\bulb.obj
         Debug\garlic.obj
         Debug\gas_exchange.obj
         Debug\initinfo.obj
         Debug\leaf.obj
         Debug\nodalunit.obj
         Debug\organ.obj
         Debug\plant.obj
         Debug\radiation.obj
         Debug\roots.obj
         Debug\scape.obj
         Debug\stdafx.obj
         Debug\stem.obj
         Debug\thermaltime.obj
       Manifest:
         C:\Program Files (x86)\Microsoft SDKs\Windows\v7.0A\bin\mt.exe /nologo /verbose /out:"Debug\garlic.exe.embed.manifest" /manifest Debug\garlic.exe.intermediate.manifest
         All outputs are up-to-date.
       LinkEmbedManifest:
         All outputs are up-to-date.
         garlic.vcxproj -> M:\Users\soohkim\Dropbox\CropBox\garlic\garlic\Debug\garlic.exe
       FinalizeBuildStatus:
         Deleting file "Debug\garlic.unsuccessfulbuild".
         Touching "Debug\garlic.lastbuildstate".
     1>Done Building Project "M:\Users\soohkim\Dropbox\CropBox\garlic\garlic\garlic.vcxproj" (build target(s)).

Build succeeded.

Time Elapsed 00:00:01.68
