C:\USERS\SOOHKIM\DROPBOX\RESEARCH\CROPBOX\GARLIC\GARLIC\RELEASE\BULB.OBJ
C:\Users\soohkim\Dropbox\Research\CropBox\garlic\garlic\Release\cl.command.1.tlog
C:\Users\soohkim\Dropbox\Research\CropBox\garlic\garlic\Release\CL.read.1.tlog
C:\Users\soohkim\Dropbox\Research\CropBox\garlic\garlic\Release\CL.write.1.tlog
C:\USERS\SOOHKIM\DROPBOX\RESEARCH\CROPBOX\GARLIC\GARLIC\RELEASE\CONTROLLER.OBJ
C:\USERS\SOOHKIM\DROPBOX\RESEARCH\CROPBOX\GARLIC\GARLIC\RELEASE\DEVELOPMENT.OBJ
C:\USERS\SOOHKIM\DROPBOX\RESEARCH\CROPBOX\GARLIC\GARLIC\RELEASE\GARLIC.EXE
C:\USERS\SOOHKIM\DROPBOX\RESEARCH\CROPBOX\GARLIC\GARLIC\RELEASE\GARLIC.EXE.INTERMEDIATE.MANIFEST
C:\USERS\SOOHKIM\DROPBOX\RESEARCH\CROPBOX\GARLIC\GARLIC\RELEASE\GARLIC.OBJ
C:\USERS\SOOHKIM\DROPBOX\RESEARCH\CROPBOX\GARLIC\GARLIC\RELEASE\GARLIC.PCH
C:\USERS\SOOHKIM\DROPBOX\RESEARCH\CROPBOX\GARLIC\GARLIC\RELEASE\GARLIC.PDB
C:\USERS\SOOHKIM\DROPBOX\RESEARCH\CROPBOX\GARLIC\GARLIC\RELEASE\GAS_EXCHANGE.OBJ
C:\USERS\SOOHKIM\DROPBOX\RESEARCH\CROPBOX\GARLIC\GARLIC\RELEASE\INITINFO.OBJ
C:\USERS\SOOHKIM\DROPBOX\RESEARCH\CROPBOX\GARLIC\GARLIC\RELEASE\LEAF.OBJ
C:\Users\soohkim\Dropbox\Research\CropBox\garlic\garlic\Release\link.command.1.tlog
C:\Users\soohkim\Dropbox\Research\CropBox\garlic\garlic\Release\link.read.1.tlog
C:\Users\soohkim\Dropbox\Research\CropBox\garlic\garlic\Release\link.write.1.tlog
C:\Users\soohkim\Dropbox\Research\CropBox\garlic\garlic\Release\mt.command.1.tlog
C:\Users\soohkim\Dropbox\Research\CropBox\garlic\garlic\Release\mt.read.1.tlog
C:\Users\soohkim\Dropbox\Research\CropBox\garlic\garlic\Release\mt.write.1.tlog
C:\USERS\SOOHKIM\DROPBOX\RESEARCH\CROPBOX\GARLIC\GARLIC\RELEASE\NODALUNIT.OBJ
C:\USERS\SOOHKIM\DROPBOX\RESEARCH\CROPBOX\GARLIC\GARLIC\RELEASE\ORGAN.OBJ
C:\USERS\SOOHKIM\DROPBOX\RESEARCH\CROPBOX\GARLIC\GARLIC\RELEASE\PLANT.OBJ
C:\USERS\SOOHKIM\DROPBOX\RESEARCH\CROPBOX\GARLIC\GARLIC\RELEASE\RADIATION.OBJ
C:\USERS\SOOHKIM\DROPBOX\RESEARCH\CROPBOX\GARLIC\GARLIC\RELEASE\ROOTS.OBJ
C:\USERS\SOOHKIM\DROPBOX\RESEARCH\CROPBOX\GARLIC\GARLIC\RELEASE\SCAPE.OBJ
C:\USERS\SOOHKIM\DROPBOX\RESEARCH\CROPBOX\GARLIC\GARLIC\RELEASE\STDAFX.OBJ
C:\USERS\SOOHKIM\DROPBOX\RESEARCH\CROPBOX\GARLIC\GARLIC\RELEASE\STEM.OBJ
C:\USERS\SOOHKIM\DROPBOX\RESEARCH\CROPBOX\GARLIC\GARLIC\RELEASE\THERMALTIME.OBJ
C:\USERS\SOOHKIM\DROPBOX\RESEARCH\CROPBOX\GARLIC\GARLIC\RELEASE\VC100.PDB
